app/build/outputs/mapping/release/seeds.txt
com.mobile.maahita.R$id: int sessionslistRecycler
com.mobile.maahita.R$id: int search_plate
com.mobile.maahita.R$id: int banner_root
com.mobile.maahita.R$id: int userfullname
com.mobile.maahita.R$id: int image_root
com.mobile.maahita.R$id: int session_description
com.mobile.maahita.R$id: int line3
com.mobile.maahita.R$id: int action_menu_presenter
com.mobile.maahita.R$id: int packed
com.mobile.maahita.R$id: int actions
com.mobile.maahita.R$id: int src_in
com.mobile.maahita.R$id: int search_edit_frame
com.mobile.maahita.R$id: int onAttachStateChangeListener
com.mobile.maahita.R$id: int centerCrop
com.mobile.maahita.R$id: int home
com.mobile.maahita.R$id: int ALT
com.mobile.maahita.R$id: int registerlabel
com.mobile.maahita.R$id: int italic
com.mobile.maahita.R$id: int month_grid
com.mobile.maahita.R$id: int activity_chooser_view_content
com.mobile.maahita.R$id: int fitToContents
com.mobile.maahita.R$id: int snackbar_text
com.mobile.maahita.R$id: int maincontainer
com.mobile.maahita.R$id: int presenter_avatar
com.mobile.maahita.R$id: int vertical
com.mobile.maahita.MainActivity
com.mobile.maahita.R$id: int register_button
com.mobile.maahita.R$id: int feedbackQuestion
com.mobile.maahita.R$id: int relativeLayout
com.mobile.maahita.R$id: int accessibility_custom_action_0
com.mobile.maahita.R$id: int hometablayout
com.mobile.maahita.R$id: int action_context_bar
com.mobile.maahita.R$id: int action_sessiondetails_to_login
com.mobile.maahita.R$id: int action_divider
com.mobile.maahita.R$id: int user_display_name
com.mobile.maahita.R$id: int select_dialog_listview
com.mobile.maahita.R$id: int end
com.mobile.maahita.R$id: int hideable
com.mobile.maahita.R$id: int search_button
com.mobile.maahita.R$id: int action_bar_activity_content
com.mobile.maahita.R$id: int accessibility_states
com.mobile.maahita.R$id: int session_title
com.mobile.maahita.R$id: int on
com.mobile.maahita.R$id: int filled
com.mobile.maahita.R$id: int mtrl_picker_header_toggle
com.mobile.maahita.R$id: int session_time
com.mobile.maahita.R$id: int rn_redbox_report_button
com.mobile.maahita.R$id: int card_root
com.mobile.maahita.R$id: int accessibility_custom_action_29
com.mobile.maahita.R$id: int tag_unhandled_key_listeners
com.mobile.maahita.R$id: int month_navigation_next
com.mobile.maahita.R$id: int chains
com.mobile.maahita.R$id: int action_mode_bar_stub
com.mobile.maahita.R$id: int progress_circular
com.mobile.maahita.R$id: int feedbacksubmitform
com.mobile.maahita.R$id: int month_navigation_bar
com.mobile.maahita.R$id: int SHIFT
com.mobile.maahita.R$id: int spread_inside
com.mobile.maahita.R$id: int always
com.mobile.maahita.R$id: int feedback_session_title
com.mobile.maahita.R$id: int design_menu_item_text
com.mobile.maahita.R$id: int middle
com.mobile.maahita.R$id: int progress_horizontal
com.mobile.maahita.R$id: int fragment_container_view_tag
com.mobile.maahita.R$id: int navigation_sessions
com.mobile.maahita.R$id: int accessibility_custom_action_22
com.mobile.maahita.R$id: int ghost_view
com.mobile.maahita.R$id: int nav_controller_view_tag
com.mobile.maahita.R$id: int radio
com.mobile.maahita.R$id: int tag_transition_group
com.mobile.maahita.ui.profile_settings.SettingsFragment
com.mobile.maahita.R$id: int rn_redbox_loading_indicator
com.mobile.maahita.ui.home.HomeFragment
com.mobile.maahita.R$id: int BOTTOM_END
com.mobile.maahita.R$id: int sessionDetailsFragment
com.mobile.maahita.R$id: int sessionrating
com.mobile.maahita.ui.presentersessions.PresenterSessionsViewModel: PresenterSessionsViewModel()
com.mobile.maahita.R$id: int META
com.mobile.maahita.R$id: int center_vertical
com.mobile.maahita.R$id: int parallax
com.mobile.maahita.R$id: int chip
com.mobile.maahita.R$id: int search_mag_icon
com.mobile.maahita.R$id: int center
com.mobile.maahita.R$id: int openprogressbar
com.mobile.maahita.ui.presentersessions.PresenterSessionsViewModel
...
androidx.appcompat.R$drawable: int tooltip_frame_light
androidx.constraintlayout.widget.R$styleable: int ConstraintSet_android_layout_marginEnd
com.google.android.material.R$animator: int mtrl_btn_state_list_anim
okhttp3.FormBody$Builder: okhttp3.FormBody build()
com.google.firebase.inappmessaging.display.R$styleable: int Toolbar_popupTheme
com.facebook.react.bridge.ReadableArray: com.facebook.react.bridge.ReadableType getType(int)
com.horcrux.svg.R$styleable: int AppCompatTheme_colorButtonNormal
android.support.v4.media.MediaDescriptionCompat
androidx.appcompat.R$id: int image
com.google.firebase.inappmessaging.display.R$id: int accessibility_custom_action_2
com.horcrux.svg.RenderableViewManager$GroupViewManager: android.view.View createViewInstance(com.facebook.react.uimanager.ThemedReactContext)
org.webrtc.NetworkMonitorAutoDetect$SimpleNetworkCallback: org.webrtc.NetworkMonitorAutoDetect this$0
org.jitsi.meet.sdk.JitsiMeetConferenceOptions$1: java.lang.Object createFromParcel(android.os.Parcel)
com.horcrux.svg.R$styleable: int AnimatedStateListDrawableTransition_android_drawable
org.webrtc.MediaCodecVideoEncoder: int bitrateAdjustmentScaleExp
com.google.firebase.inappmessaging.FirebaseInAppMessagingRegistrar: FirebaseInAppMessagingRegistrar()
com.google.android.material.R$attr: int materialButtonOutlinedStyle
androidx.appcompat.R$color: int abc_search_url_text_normal
org.jitsi.meet.sdk.R$attr: int navigationMode
androidx.appcompat.R$styleable: int AppCompatTheme_actionBarPopupTheme
com.facebook.react.views.view.ReactViewGroup: void onLayout(boolean,int,int,int,int)
co.apptailor.googlesignin.RNGoogleSigninModule: void isSignedIn(com.facebook.react.bridge.Promise)
com.kingfisher.easyviewindicator.R$drawable: int notification_icon_background
okio.RealBufferedSource: long indexOfElement(okio.ByteString)
androidx.core.app.ComponentActivity: boolean dispatchKeyShortcutEvent(android.view.KeyEvent)
org.webrtc.Camera1Session: org.webrtc.Histogram camera1StopTimeMsHistogram
com.horcrux.svg.TextProperties$TextDecoration: com.horcrux.svg.TextProperties$TextDecoration valueOf(java.lang.String)
com.facebook.react.bridge.CatalystInstanceImpl$Builder: com.facebook.react.bridge.CatalystInstanceImpl$Builder setJSBundleLoader(com.facebook.react.bridge.JSBundleLoader)
org.webrtc.voiceengine.WebRtcAudioRecord$AudioSamples: int getAudioFormat()
androidx.appcompat.R$style: int Base_Widget_AppCompat_Light_PopupMenu_Overflow
com.squareup.picasso.MediaStoreRequestHandler$PicassoKind: com.squareup.picasso.MediaStoreRequestHandler$PicassoKind valueOf(java.lang.String)
com.facebook.react.views.swiperefresh.SwipeRefreshLayoutManager: void setColors(com.facebook.react.views.swiperefresh.ReactSwipeRefreshLayout,com.facebook.react.bridge.ReadableArray)
org.jitsi.meet.sdk.JitsiMeetConferenceOptions$1
okhttp3.Cookie: java.util.regex.Pattern YEAR_PATTERN
com.facebook.react.bridge.GuardedRunnable: com.facebook.react.bridge.NativeModuleCallExceptionHandler mExceptionHandler
com.facebook.react.bridge.CatalystInstanceImpl: java.lang.Object mJSCallsPendingInitLock
okio.Buffer$UnsafeCursor: int next()
com.facebook.react.modules.camera.CameraRollManager: java.lang.String getName()
com.facebook.react.bridge.PromiseImpl: com.facebook.react.bridge.Callback mReject
org.webrtc.PeerConnection$RTCConfiguration: int getMaxIPv6Networks()
org.jitsi.meet.sdk.R$attr: int windowMinWidthMajor
org.webrtc.NetworkMonitorAutoDetect: android.content.Context context
android.support.v4.media.session.PlaybackStateCompat
androidx.appcompat.R$styleable: int AppCompatTheme_radioButtonStyle
com.google.firebase.inappmessaging.FirebaseInAppMessagingDisplay
org.webrtc.SurfaceViewRenderer
com.google.android.material.R$styleable: int BottomNavigationView_itemBackground
org.jitsi.meet.sdk.R$styleable: int SimpleDraweeView_failureImageScaleType
org.webrtc.MediaCodecWrapperFactoryImpl$MediaCodecWrapperImpl: void flush()